Copyright 1986-2019 Xilinx, Inc. All Rights Reserved.
-------------------------------------------------------------------------------------------------
| Tool Version              : Vivado v.2019.1 (win64) Build 2552052 Fri May 24 14:49:42 MDT 2019
| Date                      : Mon Aug 19 11:24:26 2024
| Host                      : sawtelles-lw2 running 64-bit major release  (build 9200)
| Command                   : report_io -file FlySongSRAM_io_placed.rpt
| Design                    : FlySongSRAM
| Device                    : xc7a15t
| Speed File                : -1
| Package                   : ftg256
| Package Version           : FINAL 2013-12-20
| Package Pin Delay Version : VERS. 2.0 2013-12-20
-------------------------------------------------------------------------------------------------

IO Information

Table of Contents
-----------------
1. Summary
2. IO Assignments by Package Pin

1. Summary
----------

+---------------+
| Total User IO |
+---------------+
|           118 |
+---------------+


2. IO Assignments by Package Pin
--------------------------------

+------------+--------------+------------+------------------------------+-------------+-------------+---------+------------+------+---------------------+----------------------+---------+------------+-----------+----------+------+------------------+--------------+-------------------+--------------+
| Pin Number | Signal Name  | Bank Type  | Pin Name                     | Use         | IO Standard | IO Bank | Drive (mA) | Slew | On-Chip Termination | Off-Chip Termination | Voltage | Constraint | Pull Type | DQS Bias | Vref | Signal Integrity | Pre Emphasis | Lvds Pre Emphasis | Equalization |
+------------+--------------+------------+------------------------------+-------------+-------------+---------+------------+------+---------------------+----------------------+---------+------------+-----------+----------+------+------------------+--------------+-------------------+--------------+
| A1         |              |            | GND                          | GND         |             |         |            |      |                     |                      |     0.0 |            |           |          |      |                  |              |                   |              |
| A2         | RAMdata[9]   | High Range | IO_L8N_T1_AD14N_35           | BIDIR       | LVCMOS33    |      35 |         12 | SLOW |                     |            FP_VTT_50 |         | FIXED      |           |          |      | NONE             |              |                   |              |
| A3         | RAMdata[1]   | High Range | IO_L4N_T0_35                 | BIDIR       | LVCMOS33    |      35 |         12 | SLOW |                     |            FP_VTT_50 |         | FIXED      |           |          |      | NONE             |              |                   |              |
| A4         | led[7]       | High Range | IO_L3N_T0_DQS_AD5N_35        | OUTPUT      | LVCMOS33    |      35 |         12 | SLOW |                     |            FP_VTT_50 |         | FIXED      |           |          |      | NONE             |              |                   |              |
| A5         |              | High Range | IO_L3P_T0_DQS_AD5P_35        | User IO     |             |      35 |            |      |                     |                      |         |            |           |          |      |                  |              |                   |              |
| A6         |              | High Range | VCCO_35                      | VCCO        |             |      35 |            |      |                     |                      |    3.30 |            |           |          |      |                  |              |                   |              |
| A7         |              | High Range | IO_L1N_T0_AD4N_35            | User IO     |             |      35 |            |      |                     |                      |         |            |           |          |      |                  |              |                   |              |
| A8         | RAMadr[2]    | High Range | IO_L2P_T0_AD8P_15            | OUTPUT      | LVCMOS33    |      15 |         12 | SLOW |                     |            FP_VTT_50 |         | FIXED      |           |          |      | NONE             |              |                   |              |
| A9         | RAMadr[6]    | High Range | IO_L2N_T0_AD8N_15            | OUTPUT      | LVCMOS33    |      15 |         12 | SLOW |                     |            FP_VTT_50 |         | FIXED      |           |          |      | NONE             |              |                   |              |
| A10        | RAMadr[7]    | High Range | IO_L3N_T0_DQS_AD1N_15        | OUTPUT      | LVCMOS33    |      15 |         12 | SLOW |                     |            FP_VTT_50 |         | FIXED      |           |          |      | NONE             |              |                   |              |
| A11        |              |            | GND                          | GND         |             |         |            |      |                     |                      |     0.0 |            |           |          |      |                  |              |                   |              |
| A12        | RAMadr[21]   | High Range | IO_L5N_T0_AD9N_15            | OUTPUT      | LVCMOS33    |      15 |         12 | SLOW |                     |            FP_VTT_50 |         | FIXED      |           |          |      | NONE             |              |                   |              |
| A13        | RAMadr[10]   | High Range | IO_L7P_T1_AD2P_15            | OUTPUT      | LVCMOS33    |      15 |         12 | SLOW |                     |            FP_VTT_50 |         | FIXED      |           |          |      | NONE             |              |                   |              |
| A14        | RAMadr[9]    | High Range | IO_L7N_T1_AD2N_15            | OUTPUT      | LVCMOS33    |      15 |         12 | SLOW |                     |            FP_VTT_50 |         | FIXED      |           |          |      | NONE             |              |                   |              |
| A15        | RAMadr[13]   | High Range | IO_L9N_T1_DQS_AD3N_15        | OUTPUT      | LVCMOS33    |      15 |         12 | SLOW |                     |            FP_VTT_50 |         | FIXED      |           |          |      | NONE             |              |                   |              |
| A16        |              | High Range | VCCO_15                      | VCCO        |             |      15 |            |      |                     |                      |    3.30 |            |           |          |      |                  |              |                   |              |
| B1         | RAMdata[10]  | High Range | IO_L9N_T1_DQS_AD7N_35        | BIDIR       | LVCMOS33    |      35 |         12 | SLOW |                     |            FP_VTT_50 |         | FIXED      |           |          |      | NONE             |              |                   |              |
| B2         | RAMdata[2]   | High Range | IO_L8P_T1_AD14P_35           | BIDIR       | LVCMOS33    |      35 |         12 | SLOW |                     |            FP_VTT_50 |         | FIXED      |           |          |      | NONE             |              |                   |              |
| B3         |              | High Range | VCCO_35                      | VCCO        |             |      35 |            |      |                     |                      |    3.30 |            |           |          |      |                  |              |                   |              |
| B4         |              | High Range | IO_L4P_T0_35                 | User IO     |             |      35 |            |      |                     |                      |         |            |           |          |      |                  |              |                   |              |
| B5         |              | High Range | IO_L2N_T0_AD12N_35           | User IO     |             |      35 |            |      |                     |                      |         |            |           |          |      |                  |              |                   |              |
| B6         |              | High Range | IO_L2P_T0_AD12P_35           | User IO     |             |      35 |            |      |                     |                      |         |            |           |          |      |                  |              |                   |              |
| B7         |              | High Range | IO_L1P_T0_AD4P_35            | User IO     |             |      35 |            |      |                     |                      |         |            |           |          |      |                  |              |                   |              |
| B8         |              |            | GND                          | GND         |             |         |            |      |                     |                      |     0.0 |            |           |          |      |                  |              |                   |              |
| B9         | RAMadr[17]   | High Range | IO_L3P_T0_DQS_AD1P_15        | OUTPUT      | LVCMOS33    |      15 |         12 | SLOW |                     |            FP_VTT_50 |         | FIXED      |           |          |      | NONE             |              |                   |              |
| B10        | RAMwr        | High Range | IO_L4P_T0_15                 | OUTPUT      | LVCMOS33    |      15 |         12 | SLOW |                     |            FP_VTT_50 |         | FIXED      |           |          |      | NONE             |              |                   |              |
| B11        |              | High Range | IO_L4N_T0_15                 | User IO     |             |      15 |            |      |                     |                      |         |            |           |          |      |                  |              |                   |              |
| B12        | RAMadr[20]   | High Range | IO_L5P_T0_AD9P_15            | OUTPUT      | LVCMOS33    |      15 |         12 | SLOW |                     |            FP_VTT_50 |         | FIXED      |           |          |      | NONE             |              |                   |              |
| B13        |              | High Range | VCCO_15                      | VCCO        |             |      15 |            |      |                     |                      |    3.30 |            |           |          |      |                  |              |                   |              |
| B14        | RAMadr[11]   | High Range | IO_L8N_T1_AD10N_15           | OUTPUT      | LVCMOS33    |      15 |         12 | SLOW |                     |            FP_VTT_50 |         | FIXED      |           |          |      | NONE             |              |                   |              |
| B15        | sclkPin      | High Range | IO_L9P_T1_DQS_AD3P_15        | OUTPUT      | LVCMOS33    |      15 |         12 | SLOW |                     |            FP_VTT_50 |         | FIXED      |           |          |      | NONE             |              |                   |              |
| B16        | RAMadr[15]   | High Range | IO_L10N_T1_AD11N_15          | OUTPUT      | LVCMOS33    |      15 |         12 | SLOW |                     |            FP_VTT_50 |         | FIXED      |           |          |      | NONE             |              |                   |              |
| C1         | RAMdata[11]  | High Range | IO_L9P_T1_DQS_AD7P_35        | BIDIR       | LVCMOS33    |      35 |         12 | SLOW |                     |            FP_VTT_50 |         | FIXED      |           |          |      | NONE             |              |                   |              |
| C2         | RAMdata[3]   | High Range | IO_L7N_T1_AD6N_35            | BIDIR       | LVCMOS33    |      35 |         12 | SLOW |                     |            FP_VTT_50 |         | FIXED      |           |          |      | NONE             |              |                   |              |
| C3         | led[5]       | High Range | IO_L7P_T1_AD6P_35            | OUTPUT      | LVCMOS33    |      35 |         12 | SLOW |                     |            FP_VTT_50 |         | FIXED      |           |          |      | NONE             |              |                   |              |
| C4         | RAMdata[0]   | High Range | IO_L12N_T1_MRCC_35           | BIDIR       | LVCMOS33    |      35 |         12 | SLOW |                     |            FP_VTT_50 |         | FIXED      |           |          |      | NONE             |              |                   |              |
| C5         |              |            | GND                          | GND         |             |         |            |      |                     |                      |     0.0 |            |           |          |      |                  |              |                   |              |
| C6         |              | High Range | IO_L5N_T0_AD13N_35           | User IO     |             |      35 |            |      |                     |                      |         |            |           |          |      |                  |              |                   |              |
| C7         |              | High Range | IO_L5P_T0_AD13P_35           | User IO     |             |      35 |            |      |                     |                      |         |            |           |          |      |                  |              |                   |              |
| C8         | RAMadr[4]    | High Range | IO_L1P_T0_AD0P_15            | OUTPUT      | LVCMOS33    |      15 |         12 | SLOW |                     |            FP_VTT_50 |         | FIXED      |           |          |      | NONE             |              |                   |              |
| C9         | RAMadr[5]    | High Range | IO_L1N_T0_AD0N_15            | OUTPUT      | LVCMOS33    |      15 |         12 | SLOW |                     |            FP_VTT_50 |         | FIXED      |           |          |      | NONE             |              |                   |              |
| C10        |              | High Range | VCCO_15                      | VCCO        |             |      15 |            |      |                     |                      |    3.30 |            |           |          |      |                  |              |                   |              |
| C11        | RAMadr[18]   | High Range | IO_L11P_T1_SRCC_15           | OUTPUT      | LVCMOS33    |      15 |         12 | SLOW |                     |            FP_VTT_50 |         | FIXED      |           |          |      | NONE             |              |                   |              |
| C12        | RAMadr[8]    | High Range | IO_L11N_T1_SRCC_15           | OUTPUT      | LVCMOS33    |      15 |         12 | SLOW |                     |            FP_VTT_50 |         | FIXED      |           |          |      | NONE             |              |                   |              |
| C13        |              | High Range | IO_L12N_T1_MRCC_15           | User IO     |             |      15 |            |      |                     |                      |         |            |           |          |      |                  |              |                   |              |
| C14        | RAMadr[14]   | High Range | IO_L8P_T1_AD10P_15           | OUTPUT      | LVCMOS33    |      15 |         12 | SLOW |                     |            FP_VTT_50 |         | FIXED      |           |          |      | NONE             |              |                   |              |
| C15        |              |            | GND                          | GND         |             |         |            |      |                     |                      |     0.0 |            |           |          |      |                  |              |                   |              |
| C16        | mosiPin      | High Range | IO_L10P_T1_AD11P_15          | OUTPUT      | LVCMOS33    |      15 |         12 | SLOW |                     |            FP_VTT_50 |         | FIXED      |           |          |      | NONE             |              |                   |              |
| D1         | RAMdata[4]   | High Range | IO_L10N_T1_AD15N_35          | BIDIR       | LVCMOS33    |      35 |         12 | SLOW |                     |            FP_VTT_50 |         | FIXED      |           |          |      | NONE             |              |                   |              |
| D2         |              |            | GND                          | GND         |             |         |            |      |                     |                      |     0.0 |            |           |          |      |                  |              |                   |              |
| D3         | led[4]       | High Range | IO_L11N_T1_SRCC_35           | OUTPUT      | LVCMOS33    |      35 |         12 | SLOW |                     |            FP_VTT_50 |         | FIXED      |           |          |      | NONE             |              |                   |              |
| D4         | RAMdata[8]   | High Range | IO_L12P_T1_MRCC_35           | BIDIR       | LVCMOS33    |      35 |         12 | SLOW |                     |            FP_VTT_50 |         | FIXED      |           |          |      | NONE             |              |                   |              |
| D5         |              | High Range | IO_L6N_T0_VREF_35            | User IO     |             |      35 |            |      |                     |                      |         |            |           |          |      |                  |              |                   |              |
| D6         |              | High Range | IO_L6P_T0_35                 | User IO     |             |      35 |            |      |                     |                      |         |            |           |          |      |                  |              |                   |              |
| D7         |              | High Range | VCCO_35                      | VCCO        |             |      35 |            |      |                     |                      |    3.30 |            |           |          |      |                  |              |                   |              |
| D8         |              | High Range | IO_L6P_T0_15                 | User IO     |             |      15 |            |      |                     |                      |         |            |           |          |      |                  |              |                   |              |
| D9         | RAMadr[1]    | High Range | IO_L6N_T0_VREF_15            | OUTPUT      | LVCMOS33    |      15 |         12 | SLOW |                     |            FP_VTT_50 |         | FIXED      |           |          |      | NONE             |              |                   |              |
| D10        | RAMadr[3]    | High Range | IO_0_15                      | OUTPUT      | LVCMOS33    |      15 |         12 | SLOW |                     |            FP_VTT_50 |         | FIXED      |           |          |      | NONE             |              |                   |              |
| D11        |              | High Range | IO_L14N_T2_SRCC_15           | User IO     |             |      15 |            |      |                     |                      |         |            |           |          |      |                  |              |                   |              |
| D12        |              |            | GND                          | GND         |             |         |            |      |                     |                      |     0.0 |            |           |          |      |                  |              |                   |              |
| D13        |              | High Range | IO_L12P_T1_MRCC_15           | User IO     |             |      15 |            |      |                     |                      |         |            |           |          |      |                  |              |                   |              |
| D14        | misoPins[0]  | High Range | IO_L15P_T2_DQS_15            | INPUT       | LVCMOS33    |      15 |            |      |                     |                 NONE |         | FIXED      |           |          |      | NONE             |              |                   |              |
| D15        | adccsPin     | High Range | IO_L15N_T2_DQS_ADV_B_15      | OUTPUT      | LVCMOS33    |      15 |         12 | SLOW |                     |            FP_VTT_50 |         | FIXED      |           |          |      | NONE             |              |                   |              |
| D16        | misoPins[1]  | High Range | IO_L17N_T2_A25_15            | INPUT       | LVCMOS33    |      15 |            |      |                     |                 NONE |         | FIXED      |           |          |      | NONE             |              |                   |              |
| E1         | RAMdata[5]   | High Range | IO_L15N_T2_DQS_35            | BIDIR       | LVCMOS33    |      35 |         12 | SLOW |                     |            FP_VTT_50 |         | FIXED      |           |          |      | NONE             |              |                   |              |
| E2         | RAMdata[12]  | High Range | IO_L10P_T1_AD15P_35          | BIDIR       | LVCMOS33    |      35 |         12 | SLOW |                     |            FP_VTT_50 |         | FIXED      |           |          |      | NONE             |              |                   |              |
| E3         | led[2]       | High Range | IO_L11P_T1_SRCC_35           | OUTPUT      | LVCMOS33    |      35 |         12 | SLOW |                     |            FP_VTT_50 |         | FIXED      |           |          |      | NONE             |              |                   |              |
| E4         |              | High Range | VCCO_35                      | VCCO        |             |      35 |            |      |                     |                      |    3.30 |            |           |          |      |                  |              |                   |              |
| E5         |              | High Range | IO_L13N_T2_MRCC_35           | User IO     |             |      35 |            |      |                     |                      |         |            |           |          |      |                  |              |                   |              |
| E6         |              | High Range | IO_0_35                      | User IO     |             |      35 |            |      |                     |                      |         |            |           |          |      |                  |              |                   |              |
| E7         |              | Dedicated  | CFGBVS_0                     | Config      |             |       0 |            |      |                     |                      |         |            |           |          |      |                  |              |                   |              |
| E8         |              | Dedicated  | CCLK_0                       | Config      |             |       0 |            |      |                     |                      |         |            |           |          |      |                  |              |                   |              |
| E9         |              |            | GND                          | GND         |             |         |            |      |                     |                      |     0.0 |            |           |          |      |                  |              |                   |              |
| E10        |              |            | VCCBRAM                      | VCCBRAM     |             |         |            |      |                     |                      |         |            |           |          |      |                  |              |                   |              |
| E11        |              | High Range | IO_L14P_T2_SRCC_15           | User IO     |             |      15 |            |      |                     |                      |         |            |           |          |      |                  |              |                   |              |
| E12        | tmpPin       | High Range | IO_L13P_T2_MRCC_15           | INPUT       | LVCMOS33    |      15 |            |      |                     |                 NONE |         | FIXED      |           |          |      | NONE             |              |                   |              |
| E13        | RAMadr[12]   | High Range | IO_L13N_T2_MRCC_15           | OUTPUT      | LVCMOS33    |      15 |         12 | SLOW |                     |            FP_VTT_50 |         | FIXED      |           |          |      | NONE             |              |                   |              |
| E14        |              | High Range | VCCO_15                      | VCCO        |             |      15 |            |      |                     |                      |    3.30 |            |           |          |      |                  |              |                   |              |
| E15        | misoPins[2]  | High Range | IO_L18N_T2_A23_15            | INPUT       | LVCMOS33    |      15 |            |      |                     |                 NONE |         | FIXED      |           |          |      | NONE             |              |                   |              |
| E16        | misoPins[3]  | High Range | IO_L17P_T2_A26_15            | INPUT       | LVCMOS33    |      15 |            |      |                     |                 NONE |         | FIXED      |           |          |      | NONE             |              |                   |              |
| F1         |              | High Range | VCCO_35                      | VCCO        |             |      35 |            |      |                     |                      |    3.30 |            |           |          |      |                  |              |                   |              |
| F2         | RAMdata[13]  | High Range | IO_L15P_T2_DQS_35            | BIDIR       | LVCMOS33    |      35 |         12 | SLOW |                     |            FP_VTT_50 |         | FIXED      |           |          |      | NONE             |              |                   |              |
| F3         | led[1]       | High Range | IO_L14N_T2_SRCC_35           | OUTPUT      | LVCMOS33    |      35 |         12 | SLOW |                     |            FP_VTT_50 |         | FIXED      |           |          |      | NONE             |              |                   |              |
| F4         |              | High Range | IO_L14P_T2_SRCC_35           | User IO     |             |      35 |            |      |                     |                      |         |            |           |          |      |                  |              |                   |              |
| F5         |              | High Range | IO_L13P_T2_MRCC_35           | User IO     |             |      35 |            |      |                     |                      |         |            |           |          |      |                  |              |                   |              |
| F6         |              |            | GND                          | GND         |             |         |            |      |                     |                      |     0.0 |            |           |          |      |                  |              |                   |              |
| F7         |              |            | VCCINT                       | VCCINT      |             |         |            |      |                     |                      |         |            |           |          |      |                  |              |                   |              |
| F8         |              | Dedicated  | VCCBATT_0                    | Config      |             |       0 |            |      |                     |                      |         |            |           |          |      |                  |              |                   |              |
| F9         |              |            | VCCINT                       | VCCINT      |             |         |            |      |                     |                      |         |            |           |          |      |                  |              |                   |              |
| F10        |              |            | GND                          | GND         |             |         |            |      |                     |                      |     0.0 |            |           |          |      |                  |              |                   |              |
| F11        |              |            | VCCBRAM                      | VCCBRAM     |             |         |            |      |                     |                      |         |            |           |          |      |                  |              |                   |              |
| F12        |              | High Range | IO_L16P_T2_A28_15            | User IO     |             |      15 |            |      |                     |                      |         |            |           |          |      |                  |              |                   |              |
| F13        | RAMadr[19]   | High Range | IO_L16N_T2_A27_15            | OUTPUT      | LVCMOS33    |      15 |         12 | SLOW |                     |            FP_VTT_50 |         | FIXED      |           |          |      | NONE             |              |                   |              |
| F14        | misoPins[4]  | High Range | IO_L21N_T3_DQS_A18_15        | INPUT       | LVCMOS33    |      15 |            |      |                     |                 NONE |         | FIXED      |           |          |      | NONE             |              |                   |              |
| F15        | misoPins[11] | High Range | IO_L18P_T2_A24_15            | INPUT       | LVCMOS33    |      15 |            |      |                     |                 NONE |         | FIXED      |           |          |      | NONE             |              |                   |              |
| F16        |              |            | GND                          | GND         |             |         |            |      |                     |                      |     0.0 |            |           |          |      |                  |              |                   |              |
| G1         | RAMdata[14]  | High Range | IO_L17N_T2_35                | BIDIR       | LVCMOS33    |      35 |         12 | SLOW |                     |            FP_VTT_50 |         | FIXED      |           |          |      | NONE             |              |                   |              |
| G2         | RAMdata[6]   | High Range | IO_L17P_T2_35                | BIDIR       | LVCMOS33    |      35 |         12 | SLOW |                     |            FP_VTT_50 |         | FIXED      |           |          |      | NONE             |              |                   |              |
| G3         |              |            | GND                          | GND         |             |         |            |      |                     |                      |     0.0 |            |           |          |      |                  |              |                   |              |
| G4         |              | High Range | IO_L16N_T2_35                | User IO     |             |      35 |            |      |                     |                      |         |            |           |          |      |                  |              |                   |              |
| G5         |              | High Range | IO_L16P_T2_35                | User IO     |             |      35 |            |      |                     |                      |         |            |           |          |      |                  |              |                   |              |
| G6         |              |            | VCCINT                       | VCCINT      |             |         |            |      |                     |                      |         |            |           |          |      |                  |              |                   |              |
| G7         |              | Dedicated  | GNDADC_0                     | XADC        |             |       0 |            |      |                     |                      |         |            |           |          |      |                  |              |                   |              |
| G8         |              | Dedicated  | VCCADC_0                     | XADC        |             |       0 |            |      |                     |                      |         |            |           |          |      |                  |              |                   |              |
| G9         |              |            | GND                          | GND         |             |         |            |      |                     |                      |     0.0 |            |           |          |      |                  |              |                   |              |
| G10        |              |            | VCCAUX                       | VCCAUX      |             |         |            |      |                     |                      |    1.80 |            |           |          |      |                  |              |                   |              |
| G11        |              | High Range | IO_25_15                     | User IO     |             |      15 |            |      |                     |                      |         |            |           |          |      |                  |              |                   |              |
| G12        |              | High Range | IO_L19N_T3_A21_VREF_15       | User IO     |             |      15 |            |      |                     |                      |         |            |           |          |      |                  |              |                   |              |
| G13        |              |            | GND                          | GND         |             |         |            |      |                     |                      |     0.0 |            |           |          |      |                  |              |                   |              |
| G14        | misoPins[10] | High Range | IO_L21P_T3_DQS_15            | INPUT       | LVCMOS33    |      15 |            |      |                     |                 NONE |         | FIXED      |           |          |      | NONE             |              |                   |              |
| G15        | misoPins[5]  | High Range | IO_L24N_T3_RS0_15            | INPUT       | LVCMOS33    |      15 |            |      |                     |                 NONE |         | FIXED      |           |          |      | NONE             |              |                   |              |
| G16        | misoPins[6]  | High Range | IO_L22N_T3_A16_15            | INPUT       | LVCMOS33    |      15 |            |      |                     |                 NONE |         | FIXED      |           |          |      | NONE             |              |                   |              |
| H1         | RAMdata[15]  | High Range | IO_L20N_T3_35                | BIDIR       | LVCMOS33    |      35 |         12 | SLOW |                     |            FP_VTT_50 |         | FIXED      |           |          |      | NONE             |              |                   |              |
| H2         | RAMdata[7]   | High Range | IO_L20P_T3_35                | BIDIR       | LVCMOS33    |      35 |         12 | SLOW |                     |            FP_VTT_50 |         | FIXED      |           |          |      | NONE             |              |                   |              |
| H3         | led[6]       | High Range | IO_L21N_T3_DQS_35            | OUTPUT      | LVCMOS33    |      35 |         12 | SLOW |                     |            FP_VTT_50 |         | FIXED      |           |          |      | NONE             |              |                   |              |
| H4         | led[3]       | High Range | IO_L18N_T2_35                | OUTPUT      | LVCMOS33    |      35 |         12 | SLOW |                     |            FP_VTT_50 |         | FIXED      |           |          |      | NONE             |              |                   |              |
| H5         | led[0]       | High Range | IO_L18P_T2_35                | OUTPUT      | LVCMOS33    |      35 |         12 | SLOW |                     |            FP_VTT_50 |         | FIXED      |           |          |      | NONE             |              |                   |              |
| H6         |              |            | GND                          | GND         |             |         |            |      |                     |                      |     0.0 |            |           |          |      |                  |              |                   |              |
| H7         |              | Dedicated  | VREFN_0                      | XADC        |             |       0 |            |      |                     |                      |         |            |           |          |      |                  |              |                   |              |
| H8         |              | Dedicated  | VP_0                         | XADC        |             |       0 |            |      |                     |                      |         |            |           |          |      |                  |              |                   |              |
| H9         |              |            | VCCINT                       | VCCINT      |             |         |            |      |                     |                      |         |            |           |          |      |                  |              |                   |              |
| H10        |              | Dedicated  | DONE_0                       | Config      |             |       0 |            |      |                     |                      |         |            |           |          |      |                  |              |                   |              |
| H11        |              | High Range | IO_L19P_T3_A22_15            | User IO     |             |      15 |            |      |                     |                      |         |            |           |          |      |                  |              |                   |              |
| H12        |              | High Range | IO_L20P_T3_A20_15            | User IO     |             |      15 |            |      |                     |                      |         |            |           |          |      |                  |              |                   |              |
| H13        | misoPins[9]  | High Range | IO_L20N_T3_A19_15            | INPUT       | LVCMOS33    |      15 |            |      |                     |                 NONE |         | FIXED      |           |          |      | NONE             |              |                   |              |
| H14        | misoPins[7]  | High Range | IO_L24P_T3_RS1_15            | INPUT       | LVCMOS33    |      15 |            |      |                     |                 NONE |         | FIXED      |           |          |      | NONE             |              |                   |              |
| H15        |              | High Range | VCCO_15                      | VCCO        |             |      15 |            |      |                     |                      |    3.30 |            |           |          |      |                  |              |                   |              |
| H16        | misoPins[8]  | High Range | IO_L22P_T3_A17_15            | INPUT       | LVCMOS33    |      15 |            |      |                     |                 NONE |         | FIXED      |           |          |      | NONE             |              |                   |              |
| J1         | RAMadr[0]    | High Range | IO_L22N_T3_35                | OUTPUT      | LVCMOS33    |      35 |         12 | SLOW |                     |            FP_VTT_50 |         | FIXED      |           |          |      | NONE             |              |                   |              |
| J2         |              | High Range | VCCO_35                      | VCCO        |             |      35 |            |      |                     |                      |    3.30 |            |           |          |      |                  |              |                   |              |
| J3         | RAMadr[16]   | High Range | IO_L21P_T3_DQS_35            | OUTPUT      | LVCMOS33    |      35 |         12 | SLOW |                     |            FP_VTT_50 |         | FIXED      |           |          |      | NONE             |              |                   |              |
| J4         |              | High Range | IO_L19N_T3_VREF_35           | User IO     |             |      35 |            |      |                     |                      |         |            |           |          |      |                  |              |                   |              |
| J5         |              | High Range | IO_L19P_T3_35                | User IO     |             |      35 |            |      |                     |                      |         |            |           |          |      |                  |              |                   |              |
| J6         |              |            | VCCINT                       | VCCINT      |             |         |            |      |                     |                      |         |            |           |          |      |                  |              |                   |              |
| J7         |              | Dedicated  | VN_0                         | XADC        |             |       0 |            |      |                     |                      |         |            |           |          |      |                  |              |                   |              |
| J8         |              | Dedicated  | VREFP_0                      | XADC        |             |       0 |            |      |                     |                      |         |            |           |          |      |                  |              |                   |              |
| J9         |              |            | GND                          | GND         |             |         |            |      |                     |                      |     0.0 |            |           |          |      |                  |              |                   |              |
| J10        |              |            | VCCAUX                       | VCCAUX      |             |         |            |      |                     |                      |    1.80 |            |           |          |      |                  |              |                   |              |
| J11        |              |            | GND                          | GND         |             |         |            |      |                     |                      |     0.0 |            |           |          |      |                  |              |                   |              |
| J12        |              | High Range | VCCO_15                      | VCCO        |             |      15 |            |      |                     |                      |    3.30 |            |           |          |      |                  |              |                   |              |
| J13        | hi_inout[15] | High Range | IO_L1P_T0_D00_MOSI_14        | BIDIR       | LVCMOS33    |      14 |         12 | SLOW |                     |            FP_VTT_50 |         | FIXED      |           |          |      | NONE             |              |                   |              |
| J14        | hi_inout[14] | High Range | IO_L1N_T0_D01_DIN_14         | BIDIR       | LVCMOS33    |      14 |         12 | SLOW |                     |            FP_VTT_50 |         | FIXED      |           |          |      | NONE             |              |                   |              |
| J15        |              | High Range | IO_L23P_T3_FOE_B_15          | User IO     |             |      15 |            |      |                     |                      |         |            |           |          |      |                  |              |                   |              |
| J16        |              | High Range | IO_L23N_T3_FWE_B_15          | User IO     |             |      15 |            |      |                     |                      |         |            |           |          |      |                  |              |                   |              |
| K1         | cnvPin       | High Range | IO_L22P_T3_35                | OUTPUT      | LVCMOS33    |      35 |         12 | SLOW |                     |            FP_VTT_50 |         | FIXED      |           |          |      | NONE             |              |                   |              |
| K2         | tenPin       | High Range | IO_L24N_T3_35                | OUTPUT      | LVCMOS33    |      35 |         12 | SLOW |                     |            FP_VTT_50 |         | FIXED      |           |          |      | NONE             |              |                   |              |
| K3         | batStatePin  | High Range | IO_L24P_T3_35                | INPUT       | LVCMOS33    |      35 |            |      |                     |                 NONE |         | FIXED      |           |          |      | NONE             |              |                   |              |
| K4         |              |            | GND                          | GND         |             |         |            |      |                     |                      |     0.0 |            |           |          |      |                  |              |                   |              |
| K5         |              | High Range | IO_25_35                     | User IO     |             |      35 |            |      |                     |                      |         |            |           |          |      |                  |              |                   |              |
| K6         |              |            | GND                          | GND         |             |         |            |      |                     |                      |     0.0 |            |           |          |      |                  |              |                   |              |
| K7         |              | Dedicated  | DXN_0                        | Temp Sensor |             |       0 |            |      |                     |                      |         |            |           |          |      |                  |              |                   |              |
| K8         |              | Dedicated  | DXP_0                        | Temp Sensor |             |       0 |            |      |                     |                      |         |            |           |          |      |                  |              |                   |              |
| K9         |              |            | VCCINT                       | VCCINT      |             |         |            |      |                     |                      |         |            |           |          |      |                  |              |                   |              |
| K10        |              | Dedicated  | INIT_B_0                     | Config      |             |       0 |            |      |                     |                      |         |            |           |          |      |                  |              |                   |              |
| K11        |              |            | VCCAUX                       | VCCAUX      |             |         |            |      |                     |                      |    1.80 |            |           |          |      |                  |              |                   |              |
| K12        | hi_muxsel    | High Range | IO_0_14                      | OUTPUT      | LVCMOS33    |      14 |         12 | SLOW |                     |            FP_VTT_50 |         | FIXED      |           |          |      | NONE             |              |                   |              |
| K13        | hi_inout[9]  | High Range | IO_L5P_T0_D06_14             | BIDIR       | LVCMOS33    |      14 |         12 | SLOW |                     |            FP_VTT_50 |         | FIXED      |           |          |      | NONE             |              |                   |              |
| K14        |              |            | GND                          | GND         |             |         |            |      |                     |                      |     0.0 |            |           |          |      |                  |              |                   |              |
| K15        | hi_inout[13] | High Range | IO_L2P_T0_D02_14             | BIDIR       | LVCMOS33    |      14 |         12 | SLOW |                     |            FP_VTT_50 |         | FIXED      |           |          |      | NONE             |              |                   |              |
| K16        | hi_inout[12] | High Range | IO_L2N_T0_D03_14             | BIDIR       | LVCMOS33    |      14 |         12 | SLOW |                     |            FP_VTT_50 |         | FIXED      |           |          |      | NONE             |              |                   |              |
| L1         |              |            | GND                          | GND         |             |         |            |      |                     |                      |     0.0 |            |           |          |      |                  |              |                   |              |
| L2         | LED0Pin      | High Range | IO_L23N_T3_35                | OUTPUT      | LVCMOS33    |      35 |         12 | SLOW |                     |            FP_VTT_50 |         | FIXED      |           |          |      | NONE             |              |                   |              |
| L3         | LED1Pin      | High Range | IO_L23P_T3_35                | OUTPUT      | LVCMOS33    |      35 |         12 | SLOW |                     |            FP_VTT_50 |         | FIXED      |           |          |      | NONE             |              |                   |              |
| L4         |              | High Range | IO_L1P_T0_34                 | User IO     |             |      34 |            |      |                     |                      |         |            |           |          |      |                  |              |                   |              |
| L5         |              | High Range | IO_0_34                      | User IO     |             |      34 |            |      |                     |                      |         |            |           |          |      |                  |              |                   |              |
| L6         |              | Dedicated  | VCCO_0                       | VCCO        |             |       0 |            |      |                     |                      |   any** |            |           |          |      |                  |              |                   |              |
| L7         |              | Dedicated  | TCK_0                        | Config      |             |       0 |            |      |                     |                      |         |            |           |          |      |                  |              |                   |              |
| L8         |              |            | VCCINT                       | VCCINT      |             |         |            |      |                     |                      |         |            |           |          |      |                  |              |                   |              |
| L9         |              | Dedicated  | PROGRAM_B_0                  | Config      |             |       0 |            |      |                     |                      |         |            |           |          |      |                  |              |                   |              |
| L10        |              |            | VCCAUX                       | VCCAUX      |             |         |            |      |                     |                      |    1.80 |            |           |          |      |                  |              |                   |              |
| L11        |              |            | GND                          | GND         |             |         |            |      |                     |                      |     0.0 |            |           |          |      |                  |              |                   |              |
| L12        |              | High Range | IO_L6P_T0_FCS_B_14           | User IO     |             |      14 |            |      |                     |                      |         |            |           |          |      |                  |              |                   |              |
| L13        | hi_inout[8]  | High Range | IO_L5N_T0_D07_14             | BIDIR       | LVCMOS33    |      14 |         12 | SLOW |                     |            FP_VTT_50 |         | FIXED      |           |          |      | NONE             |              |                   |              |
| L14        | hi_inout[11] | High Range | IO_L4P_T0_D04_14             | BIDIR       | LVCMOS33    |      14 |         12 | SLOW |                     |            FP_VTT_50 |         | FIXED      |           |          |      | NONE             |              |                   |              |
| L15        |              | High Range | IO_L3P_T0_DQS_PUDC_B_14      | User IO     |             |      14 |            |      |                     |                      |         |            |           |          |      |                  |              |                   |              |
| L16        |              | High Range | VCCO_14                      | VCCO        |             |      14 |            |      |                     |                      |    3.30 |            |           |          |      |                  |              |                   |              |
| M1         | batEnablePin | High Range | IO_L2N_T0_34                 | OUTPUT      | LVCMOS33    |      34 |         12 | SLOW |                     |            FP_VTT_50 |         | FIXED      |           |          |      | NONE             |              |                   |              |
| M2         | serialPin    | High Range | IO_L2P_T0_34                 | OUTPUT      | LVCMOS33    |      34 |         12 | SLOW |                     |            FP_VTT_50 |         | FIXED      |           |          |      | NONE             |              |                   |              |
| M3         |              | High Range | VCCO_34                      | VCCO        |             |      34 |            |      |                     |                      |    3.30 |            |           |          |      |                  |              |                   |              |
| M4         |              | High Range | IO_L1N_T0_34                 | User IO     |             |      34 |            |      |                     |                      |         |            |           |          |      |                  |              |                   |              |
| M5         |              | High Range | IO_L6P_T0_34                 | User IO     |             |      34 |            |      |                     |                      |         |            |           |          |      |                  |              |                   |              |
| M6         |              | High Range | IO_L19P_T3_A10_D26_14        | User IO     |             |      14 |            |      |                     |                      |         |            |           |          |      |                  |              |                   |              |
| M7         |              | Dedicated  | TMS_0                        | Config      |             |       0 |            |      |                     |                      |         |            |           |          |      |                  |              |                   |              |
| M8         |              |            | GND                          | GND         |             |         |            |      |                     |                      |     0.0 |            |           |          |      |                  |              |                   |              |
| M9         |              | Dedicated  | M0_0                         | Config      |             |       0 |            |      |                     |                      |         |            |           |          |      |                  |              |                   |              |
| M10        |              | Dedicated  | M1_0                         | Config      |             |       0 |            |      |                     |                      |         |            |           |          |      |                  |              |                   |              |
| M11        |              | Dedicated  | M2_0                         | Config      |             |       0 |            |      |                     |                      |         |            |           |          |      |                  |              |                   |              |
| M12        | hi_inout[7]  | High Range | IO_L6N_T0_D08_VREF_14        | BIDIR       | LVCMOS33    |      14 |         12 | SLOW |                     |            FP_VTT_50 |         | FIXED      |           |          |      | NONE             |              |                   |              |
| M13        |              | High Range | VCCO_14                      | VCCO        |             |      14 |            |      |                     |                      |    3.30 |            |           |          |      |                  |              |                   |              |
| M14        | hi_inout[10] | High Range | IO_L4N_T0_D05_14             | BIDIR       | LVCMOS33    |      14 |         12 | SLOW |                     |            FP_VTT_50 |         | FIXED      |           |          |      | NONE             |              |                   |              |
| M15        | hi_aa        | High Range | IO_L3N_T0_DQS_EMCCLK_14      | BIDIR       | LVCMOS33    |      14 |         12 | SLOW |                     |            FP_VTT_50 |         | FIXED      |           |          |      | NONE             |              |                   |              |
| M16        | hi_inout[6]  | High Range | IO_L7P_T1_D09_14             | BIDIR       | LVCMOS33    |      14 |         12 | SLOW |                     |            FP_VTT_50 |         | FIXED      |           |          |      | NONE             |              |                   |              |
| N1         |              | High Range | IO_L4P_T0_34                 | User IO     |             |      34 |            |      |                     |                      |         |            |           |          |      |                  |              |                   |              |
| N2         |              | High Range | IO_L3N_T0_DQS_34             | User IO     |             |      34 |            |      |                     |                      |         |            |           |          |      |                  |              |                   |              |
| N3         |              | High Range | IO_L3P_T0_DQS_34             | User IO     |             |      34 |            |      |                     |                      |         |            |           |          |      |                  |              |                   |              |
| N4         | tp[14]       | High Range | IO_L6N_T0_VREF_34            | OUTPUT      | LVCMOS33    |      34 |         12 | SLOW |                     |            FP_VTT_50 |         | FIXED      |           |          |      | NONE             |              |                   |              |
| N5         |              |            | GND                          | GND         |             |         |            |      |                     |                      |     0.0 |            |           |          |      |                  |              |                   |              |
| N6         | tp[10]       | High Range | IO_L19N_T3_A09_D25_VREF_14   | OUTPUT      | LVCMOS33    |      14 |         12 | SLOW |                     |            FP_VTT_50 |         | FIXED      |           |          |      | NONE             |              |                   |              |
| N7         |              | Dedicated  | TDI_0                        | Config      |             |       0 |            |      |                     |                      |         |            |           |          |      |                  |              |                   |              |
| N8         |              | Dedicated  | TDO_0                        | Config      |             |       0 |            |      |                     |                      |         |            |           |          |      |                  |              |                   |              |
| N9         |              | High Range | IO_L18P_T2_A12_D28_14        | User IO     |             |      14 |            |      |                     |                      |         |            |           |          |      |                  |              |                   |              |
| N10        |              | High Range | VCCO_14                      | VCCO        |             |      14 |            |      |                     |                      |    3.30 |            |           |          |      |                  |              |                   |              |
| N11        | hi_in[0]     | High Range | IO_L13P_T2_MRCC_14           | INPUT       | LVCMOS33    |      14 |            |      |                     |                 NONE |         | FIXED      |           |          |      | NONE             |              |                   |              |
| N12        |              | High Range | IO_L13N_T2_MRCC_14           | User IO     |             |      14 |            |      |                     |                      |         |            |           |          |      |                  |              |                   |              |
| N13        | hi_out[1]    | High Range | IO_L11P_T1_SRCC_14           | OUTPUT      | LVCMOS33    |      14 |         12 | SLOW |                     |            FP_VTT_50 |         | FIXED      |           |          |      | NONE             |              |                   |              |
| N14        |              | High Range | IO_L12P_T1_MRCC_14           | User IO     |             |      14 |            |      |                     |                      |         |            |           |          |      |                  |              |                   |              |
| N15        |              |            | GND                          | GND         |             |         |            |      |                     |                      |     0.0 |            |           |          |      |                  |              |                   |              |
| N16        | hi_inout[5]  | High Range | IO_L7N_T1_D10_14             | BIDIR       | LVCMOS33    |      14 |         12 | SLOW |                     |            FP_VTT_50 |         | FIXED      |           |          |      | NONE             |              |                   |              |
| P1         |              | High Range | IO_L4N_T0_34                 | User IO     |             |      34 |            |      |                     |                      |         |            |           |          |      |                  |              |                   |              |
| P2         |              |            | GND                          | GND         |             |         |            |      |                     |                      |     0.0 |            |           |          |      |                  |              |                   |              |
| P3         |              | High Range | IO_L5N_T0_34                 | User IO     |             |      34 |            |      |                     |                      |         |            |           |          |      |                  |              |                   |              |
| P4         | tp[13]       | High Range | IO_L5P_T0_34                 | OUTPUT      | LVCMOS33    |      34 |         12 | SLOW |                     |            FP_VTT_50 |         | FIXED      |           |          |      | NONE             |              |                   |              |
| P5         | tp[11]       | High Range | IO_L10P_T1_34                | OUTPUT      | LVCMOS33    |      34 |         12 | SLOW |                     |            FP_VTT_50 |         | FIXED      |           |          |      | NONE             |              |                   |              |
| P6         |              | High Range | IO_25_14                     | User IO     |             |      14 |            |      |                     |                      |         |            |           |          |      |                  |              |                   |              |
| P7         |              | High Range | VCCO_14                      | VCCO        |             |      14 |            |      |                     |                      |    3.30 |            |           |          |      |                  |              |                   |              |
| P8         | tp[8]        | High Range | IO_L20P_T3_A08_D24_14        | OUTPUT      | LVCMOS33    |      14 |         12 | SLOW |                     |            FP_VTT_50 |         | FIXED      |           |          |      | NONE             |              |                   |              |
| P9         |              | High Range | IO_L18N_T2_A11_D27_14        | User IO     |             |      14 |            |      |                     |                      |         |            |           |          |      |                  |              |                   |              |
| P10        | RAMoe        | High Range | IO_L14P_T2_SRCC_14           | OUTPUT      | LVCMOS33    |      14 |         12 | SLOW |                     |            FP_VTT_50 |         | FIXED      |           |          |      | NONE             |              |                   |              |
| P11        | hi_in[6]     | High Range | IO_L14N_T2_SRCC_14           | INPUT       | LVCMOS33    |      14 |            |      |                     |                 NONE |         | FIXED      |           |          |      | NONE             |              |                   |              |
| P12        |              |            | GND                          | GND         |             |         |            |      |                     |                      |     0.0 |            |           |          |      |                  |              |                   |              |
| P13        | hi_in[3]     | High Range | IO_L11N_T1_SRCC_14           | INPUT       | LVCMOS33    |      14 |            |      |                     |                 NONE |         | FIXED      |           |          |      | NONE             |              |                   |              |
| P14        |              | High Range | IO_L12N_T1_MRCC_14           | User IO     |             |      14 |            |      |                     |                      |         |            |           |          |      |                  |              |                   |              |
| P15        | hi_inout[4]  | High Range | IO_L8P_T1_D11_14             | BIDIR       | LVCMOS33    |      14 |         12 | SLOW |                     |            FP_VTT_50 |         | FIXED      |           |          |      | NONE             |              |                   |              |
| P16        | hi_inout[3]  | High Range | IO_L8N_T1_D12_14             | BIDIR       | LVCMOS33    |      14 |         12 | SLOW |                     |            FP_VTT_50 |         | FIXED      |           |          |      | NONE             |              |                   |              |
| R1         |              | High Range | IO_L7N_T1_34                 | User IO     |             |      34 |            |      |                     |                      |         |            |           |          |      |                  |              |                   |              |
| R2         | LED1InvPin   | High Range | IO_L7P_T1_34                 | INPUT       | LVCMOS33    |      34 |            |      |                     |                 NONE |         | FIXED      |           |          |      | NONE             |              |                   |              |
| R3         | auxioPin     | High Range | IO_L8P_T1_34                 | OUTPUT      | LVCMOS33    |      34 |         12 | SLOW |                     |            FP_VTT_50 |         | FIXED      |           |          |      | NONE             |              |                   |              |
| R4         |              | High Range | VCCO_34                      | VCCO        |             |      34 |            |      |                     |                      |    3.30 |            |           |          |      |                  |              |                   |              |
| R5         | tp[9]        | High Range | IO_L23P_T3_A03_D19_14        | OUTPUT      | LVCMOS33    |      14 |         12 | SLOW |                     |            FP_VTT_50 |         | FIXED      |           |          |      | NONE             |              |                   |              |
| R6         | tp[6]        | High Range | IO_L24P_T3_A01_D17_14        | OUTPUT      | LVCMOS33    |      14 |         12 | SLOW |                     |            FP_VTT_50 |         | FIXED      |           |          |      | NONE             |              |                   |              |
| R7         | tp[4]        | High Range | IO_L24N_T3_A00_D16_14        | OUTPUT      | LVCMOS33    |      14 |         12 | SLOW |                     |            FP_VTT_50 |         | FIXED      |           |          |      | NONE             |              |                   |              |
| R8         | tp[2]        | High Range | IO_L20N_T3_A07_D23_14        | OUTPUT      | LVCMOS33    |      14 |         12 | SLOW |                     |            FP_VTT_50 |         | FIXED      |           |          |      | NONE             |              |                   |              |
| R9         |              |            | GND                          | GND         |             |         |            |      |                     |                      |     0.0 |            |           |          |      |                  |              |                   |              |
| R10        | hi_in[7]     | High Range | IO_L17P_T2_A14_D30_14        | INPUT       | LVCMOS33    |      14 |            |      |                     |                 NONE |         | FIXED      |           |          |      | NONE             |              |                   |              |
| R11        |              | High Range | IO_L17N_T2_A13_D29_14        | User IO     |             |      14 |            |      |                     |                      |         |            |           |          |      |                  |              |                   |              |
| R12        | hi_in[2]     | High Range | IO_L15P_T2_DQS_RDWR_B_14     | INPUT       | LVCMOS33    |      14 |            |      |                     |                 NONE |         | FIXED      |           |          |      | NONE             |              |                   |              |
| R13        | hi_in[1]     | High Range | IO_L16P_T2_CSI_B_14          | INPUT       | LVCMOS33    |      14 |            |      |                     |                 NONE |         | FIXED      |           |          |      | NONE             |              |                   |              |
| R14        |              | High Range | VCCO_14                      | VCCO        |             |      14 |            |      |                     |                      |    3.30 |            |           |          |      |                  |              |                   |              |
| R15        | hi_out[0]    | High Range | IO_L9P_T1_DQS_14             | OUTPUT      | LVCMOS33    |      14 |         12 | SLOW |                     |            FP_VTT_50 |         | FIXED      |           |          |      | NONE             |              |                   |              |
| R16        | hi_inout[2]  | High Range | IO_L9N_T1_DQS_D13_14         | BIDIR       | LVCMOS33    |      14 |         12 | SLOW |                     |            FP_VTT_50 |         | FIXED      |           |          |      | NONE             |              |                   |              |
| T1         |              | High Range | VCCO_34                      | VCCO        |             |      34 |            |      |                     |                      |    3.30 |            |           |          |      |                  |              |                   |              |
| T2         | LED0InvPin   | High Range | IO_L8N_T1_34                 | INPUT       | LVCMOS33    |      34 |            |      |                     |                 NONE |         | FIXED      |           |          |      | NONE             |              |                   |              |
| T3         | tp[15]       | High Range | IO_L9N_T1_DQS_34             | OUTPUT      | LVCMOS33    |      34 |         12 | SLOW |                     |            FP_VTT_50 |         | FIXED      |           |          |      | NONE             |              |                   |              |
| T4         | tp[12]       | High Range | IO_L9P_T1_DQS_34             | OUTPUT      | LVCMOS33    |      34 |         12 | SLOW |                     |            FP_VTT_50 |         | FIXED      |           |          |      | NONE             |              |                   |              |
| T5         | tp[7]        | High Range | IO_L23N_T3_A02_D18_14        | OUTPUT      | LVCMOS33    |      14 |         12 | SLOW |                     |            FP_VTT_50 |         | FIXED      |           |          |      | NONE             |              |                   |              |
| T6         |              |            | GND                          | GND         |             |         |            |      |                     |                      |     0.0 |            |           |          |      |                  |              |                   |              |
| T7         | tp[3]        | High Range | IO_L21P_T3_DQS_14            | OUTPUT      | LVCMOS33    |      14 |         12 | SLOW |                     |            FP_VTT_50 |         | FIXED      |           |          |      | NONE             |              |                   |              |
| T8         | tp[1]        | High Range | IO_L21N_T3_DQS_A06_D22_14    | OUTPUT      | LVCMOS33    |      14 |         12 | SLOW |                     |            FP_VTT_50 |         | FIXED      |           |          |      | NONE             |              |                   |              |
| T9         | tp[5]        | High Range | IO_L22P_T3_A05_D21_14        | OUTPUT      | LVCMOS33    |      14 |         12 | SLOW |                     |            FP_VTT_50 |         | FIXED      |           |          |      | NONE             |              |                   |              |
| T10        | tp[0]        | High Range | IO_L22N_T3_A04_D20_14        | OUTPUT      | LVCMOS33    |      14 |         12 | SLOW |                     |            FP_VTT_50 |         | FIXED      |           |          |      | NONE             |              |                   |              |
| T11        |              | High Range | VCCO_14                      | VCCO        |             |      14 |            |      |                     |                      |    3.30 |            |           |          |      |                  |              |                   |              |
| T12        | hi_in[5]     | High Range | IO_L15N_T2_DQS_DOUT_CSO_B_14 | INPUT       | LVCMOS33    |      14 |            |      |                     |                 NONE |         | FIXED      |           |          |      | NONE             |              |                   |              |
| T13        | hi_in[4]     | High Range | IO_L16N_T2_A15_D31_14        | INPUT       | LVCMOS33    |      14 |            |      |                     |                 NONE |         | FIXED      |           |          |      | NONE             |              |                   |              |
| T14        | hi_inout[1]  | High Range | IO_L10P_T1_D14_14            | BIDIR       | LVCMOS33    |      14 |         12 | SLOW |                     |            FP_VTT_50 |         | FIXED      |           |          |      | NONE             |              |                   |              |
| T15        | hi_inout[0]  | High Range | IO_L10N_T1_D15_14            | BIDIR       | LVCMOS33    |      14 |         12 | SLOW |                     |            FP_VTT_50 |         | FIXED      |           |          |      | NONE             |              |                   |              |
| T16        |              |            | GND                          | GND         |             |         |            |      |                     |                      |     0.0 |            |           |          |      |                  |              |                   |              |
+------------+--------------+------------+------------------------------+-------------+-------------+---------+------------+------+---------------------+----------------------+---------+------------+-----------+----------+------+------------------+--------------+-------------------+--------------+
* Default value
** Special VCCO requirements may apply. Please consult the device family datasheet for specific guideline on VCCO requirements.


