Copyright 1986-2019 Xilinx, Inc. All Rights Reserved.
-------------------------------------------------------------------------------------------------------------------------------------------------------
| Tool Version     : Vivado v.2019.1 (win64) Build 2552052 Fri May 24 14:49:42 MDT 2019
| Date             : Sun May 12 11:09:27 2024
| Host             : sawtelles-lw2 running 64-bit major release  (build 9200)
| Command          : report_power -file FlySongSRAM_power_routed.rpt -pb FlySongSRAM_power_summary_routed.pb -rpx FlySongSRAM_power_routed.rpx
| Design           : FlySongSRAM
| Device           : xc7a15tftg256-1
| Design State     : routed
| Grade            : commercial
| Process          : typical
| Characterization : Production
-------------------------------------------------------------------------------------------------------------------------------------------------------

Power Report

Table of Contents
-----------------
1. Summary
1.1 On-Chip Components
1.2 Power Supply Summary
1.3 Confidence Level
2. Settings
2.1 Environment
2.2 Clock Constraints
3. Detailed Reports
3.1 By Hierarchy

1. Summary
----------

+--------------------------+--------------+
| Total On-Chip Power (W)  | 0.224        |
| Design Power Budget (W)  | Unspecified* |
| Power Budget Margin (W)  | NA           |
| Dynamic (W)              | 0.152        |
| Device Static (W)        | 0.072        |
| Effective TJA (C/W)      | 4.9          |
| Max Ambient (C)          | 83.9         |
| Junction Temperature (C) | 26.1         |
| Confidence Level         | Low          |
| Setting File             | ---          |
| Simulation Activity File | ---          |
| Design Nets Matched      | NA           |
+--------------------------+--------------+
* Specify Design Power Budget using, set_operating_conditions -design_power_budget <value in Watts>


1.1 On-Chip Components
----------------------

+--------------------------+-----------+----------+-----------+-----------------+
| On-Chip                  | Power (W) | Used     | Available | Utilization (%) |
+--------------------------+-----------+----------+-----------+-----------------+
| Clocks                   |     0.014 |        5 |       --- |             --- |
| Slice Logic              |     0.011 |    26042 |       --- |             --- |
|   LUT as Logic           |     0.010 |     7797 |     10400 |           74.97 |
|   Register               |    <0.001 |    14843 |     20800 |           71.36 |
|   CARRY4                 |    <0.001 |      133 |      8150 |            1.63 |
|   LUT as Distributed RAM |    <0.001 |      120 |      9600 |            1.25 |
|   F7/F8 Muxes            |    <0.001 |     2445 |     32600 |            7.50 |
|   LUT as Shift Register  |    <0.001 |        4 |      9600 |            0.04 |
|   Others                 |     0.000 |       27 |       --- |             --- |
| Signals                  |     0.014 |    19912 |       --- |             --- |
| Block RAM                |    <0.001 |      1.5 |        25 |            6.00 |
| MMCM                     |     0.103 |        1 |         5 |           20.00 |
| I/O                      |     0.010 |      118 |       170 |           69.41 |
| Static Power             |     0.072 |          |           |                 |
| Total                    |     0.224 |          |           |                 |
+--------------------------+-----------+----------+-----------+-----------------+


1.2 Power Supply Summary
------------------------

+-----------+-------------+-----------+-------------+------------+
| Source    | Voltage (V) | Total (A) | Dynamic (A) | Static (A) |
+-----------+-------------+-----------+-------------+------------+
| Vccint    |       1.000 |     0.049 |       0.039 |      0.010 |
| Vccaux    |       1.800 |     0.070 |       0.057 |      0.013 |
| Vcco33    |       3.300 |     0.004 |       0.003 |      0.001 |
| Vcco25    |       2.500 |     0.000 |       0.000 |      0.000 |
| Vcco18    |       1.800 |     0.000 |       0.000 |      0.000 |
| Vcco15    |       1.500 |     0.000 |       0.000 |      0.000 |
| Vcco135   |       1.350 |     0.000 |       0.000 |      0.000 |
| Vcco12    |       1.200 |     0.000 |       0.000 |      0.000 |
| Vccaux_io |       1.800 |     0.000 |       0.000 |      0.000 |
| Vccbram   |       1.000 |     0.000 |       0.000 |      0.000 |
| MGTAVcc   |       1.000 |     0.000 |       0.000 |      0.000 |
| MGTAVtt   |       1.200 |     0.000 |       0.000 |      0.000 |
| Vccadc    |       1.800 |     0.020 |       0.000 |      0.020 |
+-----------+-------------+-----------+-------------+------------+


1.3 Confidence Level
--------------------

+-----------------------------+------------+--------------------------------------------------------+------------------------------------------------------------------------------------------------------------+
| User Input Data             | Confidence | Details                                                | Action                                                                                                     |
+-----------------------------+------------+--------------------------------------------------------+------------------------------------------------------------------------------------------------------------+
| Design implementation state | High       | Design is routed                                       |                                                                                                            |
| Clock nodes activity        | High       | User specified more than 95% of clocks                 |                                                                                                            |
| I/O nodes activity          | Low        | More than 75% of inputs are missing user specification | Provide missing input activity with simulation results or by editing the "By Resource Type -> I/Os" view   |
| Internal nodes activity     | Medium     | User specified less than 25% of internal nodes         | Provide missing internal nodes activity with simulation results or by editing the "By Resource Type" views |
| Device models               | High       | Device models are Production                           |                                                                                                            |
|                             |            |                                                        |                                                                                                            |
| Overall confidence level    | Low        |                                                        |                                                                                                            |
+-----------------------------+------------+--------------------------------------------------------+------------------------------------------------------------------------------------------------------------+


2. Settings
-----------

2.1 Environment
---------------

+-----------------------+--------------------------+
| Ambient Temp (C)      | 25.0                     |
| ThetaJA (C/W)         | 4.9                      |
| Airflow (LFM)         | 250                      |
| Heat Sink             | medium (Medium Profile)  |
| ThetaSA (C/W)         | 4.6                      |
| Board Selection       | medium (10"x10")         |
| # of Board Layers     | 12to15 (12 to 15 Layers) |
| Board Temperature (C) | 25.0                     |
+-----------------------+--------------------------+


2.2 Clock Constraints
---------------------

+-------------+------------------+-----------------+
| Clock       | Domain           | Constraint (ns) |
+-------------+------------------+-----------------+
| mmcm0_clk0  | okHI/mmcm0_clk0  |            20.8 |
| mmcm0_clkfb | okHI/mmcm0_clkfb |            20.8 |
| okHostClk   | hi_in[0]         |            20.8 |
+-------------+------------------+-----------------+


3. Detailed Reports
-------------------

3.1 By Hierarchy
----------------

+-------------+-----------+
| Name        | Power (W) |
+-------------+-----------+
| FlySongSRAM |     0.152 |
|   okHI      |     0.115 |
|     core0   |     0.005 |
|       core0 |     0.005 |
+-------------+-----------+


