#-----------------------------------------------------------
# Vivado v2019.1 (64-bit)
# SW Build 2552052 on Fri May 24 14:49:42 MDT 2019
# IP Build 2548770 on Fri May 24 18:01:18 MDT 2019
# Start of session at: Tue Oct  3 15:06:10 2023
# Process ID: 28100
# Current directory: P:/STERN/96CH_RECORDER/96chFlySongVersion2/FPGA/designFiles/FPGAwSRAM
# Command line: vivado.exe -gui_launcher_event rodinguilauncherevent1176 P:\STERN\96CH_RECORDER\96chFlySongVersion2\FPGA\designFiles\FPGAwSRAM\FPGAwSRAM.xpr
# Log file: P:/STERN/96CH_RECORDER/96chFlySongVersion2/FPGA/designFiles/FPGAwSRAM/vivado.log
# Journal file: P:/STERN/96CH_RECORDER/96chFlySongVersion2/FPGA/designFiles/FPGAwSRAM\vivado.jou
#-----------------------------------------------------------
start_gui
open_project P:/STERN/96CH_RECORDER/96chFlySongVersion2/FPGA/designFiles/FPGAwSRAM/FPGAwSRAM.xpr
Scanning sources...
Finished scanning sources
INFO: [IP_Flow 19-234] Refreshing IP repositories
INFO: [IP_Flow 19-1704] No user IP repositories specified
INFO: [IP_Flow 19-2313] Loaded Vivado IP repository 'C:/Xilinx/Vivado/2019.1/data/ip'.
open_project: Time (s): cpu = 00:00:13 ; elapsed = 00:00:16 . Memory (MB): peak = 734.359 ; gain = 101.188
update_compile_order -fileset sources_1
