#-----------------------------------------------------------
# Vivado v2019.1 (64-bit)
# SW Build 2552052 on Fri May 24 14:49:42 MDT 2019
# IP Build 2548770 on Fri May 24 18:01:18 MDT 2019
# Start of session at: Tue May 21 09:03:32 2024
# Process ID: 11976
# Current directory: Z:/STERN/96CH_RECORDER/96chFlySongVersion2/FPGA/designFiles/ARCHIVE/FPGAwSRAM 20221212/FPGAwSRAM
# Command line: vivado.exe -gui_launcher_event rodinguilauncherevent1148 Z:\STERN\96CH_RECORDER\96chFlySongVersion2\FPGA\designFiles\ARCHIVE\FPGAwSRAM 20221212\FPGAwSRAM\FPGAwSRAM.xpr
# Log file: Z:/STERN/96CH_RECORDER/96chFlySongVersion2/FPGA/designFiles/ARCHIVE/FPGAwSRAM 20221212/FPGAwSRAM/vivado.log
# Journal file: Z:/STERN/96CH_RECORDER/96chFlySongVersion2/FPGA/designFiles/ARCHIVE/FPGAwSRAM 20221212/FPGAwSRAM\vivado.jou
#-----------------------------------------------------------
start_gui
open_project {Z:/STERN/96CH_RECORDER/96chFlySongVersion2/FPGA/designFiles/ARCHIVE/FPGAwSRAM 20221212/FPGAwSRAM/FPGAwSRAM.xpr}
INFO: [ProjectBase 1-489] The host OS only allows 260 characters in a normal path. The project is stored in a path with more than 80 characters. If you experience issues with IP, Block Designs, or files not being found, please consider moving the project to a location with a shorter path. Alternately consider using the OS subst command to map part of the path to a drive letter.
Current project path is 'Z:/STERN/96CH_RECORDER/96chFlySongVersion2/FPGA/designFiles/ARCHIVE/FPGAwSRAM 20221212/FPGAwSRAM'
INFO: [Project 1-313] Project file moved from 'Z:/STERN/96CH_RECORDER/96chFlySongVersion2/FPGA/designFiles/FPGAwSRAM 20221212/FPGAwSRAM' since last save.
Scanning sources...
Finished scanning sources
INFO: [IP_Flow 19-234] Refreshing IP repositories
INFO: [IP_Flow 19-1704] No user IP repositories specified
INFO: [IP_Flow 19-2313] Loaded Vivado IP repository 'C:/Xilinx/Vivado/2019.1/data/ip'.
open_project: Time (s): cpu = 00:00:03 ; elapsed = 00:00:18 . Memory (MB): peak = 850.324 ; gain = 190.742
update_compile_order -fileset sources_1
exit
INFO: [Common 17-206] Exiting Vivado at Tue May 21 09:05:44 2024...
